{
  "0 debug pnpm:scope": {
    "selected": 1
  },
  "1 error pnpm": {
    "errno": 1,
    "code": "ELIFECYCLE",
    "pkgid": "element-plus-admin@3.0.0",
    "stage": "clean",
    "script": "npx rimraf docs/node_modules && npx rimraf node_modules",
    "pkgname": "element-plus-admin",
    "err": {
      "name": "pnpm",
      "message": "element-plus-admin@3.0.0 clean: `npx rimraf docs/node_modules && npx rimraf node_modules`\nExit status 1",
      "code": "ELIFECYCLE",
      "stack": "pnpm: element-plus-admin@3.0.0 clean: `npx rimraf docs/node_modules && npx rimraf node_modules`\nExit status 1\n    at EventEmitter.<anonymous> (C:\\Users\\admin\\AppData\\Roaming\\npm\\pnpm-global\\5\\node_modules\\.pnpm\\registry.npmmirror.com+pnpm@6.25.1\\node_modules\\pnpm\\dist\\pnpm.cjs:104843:20)\n    at EventEmitter.emit (events.js:315:20)\n    at ChildProcess.<anonymous> (C:\\Users\\admin\\AppData\\Roaming\\npm\\pnpm-global\\5\\node_modules\\.pnpm\\registry.npmmirror.com+pnpm@6.25.1\\node_modules\\pnpm\\dist\\pnpm.cjs:91921:18)\n    at ChildProcess.emit (events.js:315:20)\n    at maybeClose (internal/child_process.js:1048:16)\n    at Process.ChildProcess._handle.onexit (internal/child_process.js:288:5)"
    }
  },
  "2 warn pnpm:global": " Local package.json exists, but node_modules missing, did you mean to install?"
}